<?xml version="1.0" encoding="UTF-8"?>
<!-- Generated by org.testng.reporters.JUnitReportReporter -->
<testsuite skipped="0" hostname="MRITSADMIN-PC" name="com.DriverFactory.DataDriven1" tests="1" failures="0" timestamp="2020-01-10T10:56:55 IST" time="39.211" errors="0">
  <testcase name="verifyRegister" time="39.211" classname="com.DriverFactory.DataDriven1"/>
</testsuite> <!-- com.DriverFactory.DataDriven1 -->
